<?xml version="1.0" encoding="UTF-8"?>
<!-- Generated by org.testng.reporters.JUnitXMLReporter -->
<testsuite hostname="DESKTOP-JC2HQ9T" ignored="0" name="Default test" tests="6" failures="0" timestamp="19 Mar 2020 11:01:00 GMT" time="64.074" errors="0">
  <testcase name="AddVariants" time="0.016" classname="com.test.LoginTest"/>
  <testcase name="AddVariants" time="0.002" classname="com.test.LoginTest"/>
  <testcase name="AddVariants" time="0.002" classname="com.test.LoginTest"/>
  <testcase name="AddVariants" time="0.008" classname="com.test.LoginTest"/>
  <testcase name="checkErrorMessageForEmail" time="0.624" classname="com.test.LoginTest"/>
  <testcase name="checkErrorMessageForPassword" time="0.632" classname="com.test.LoginTest"/>
</testsuite> <!-- Default test -->
