<?xml version="1.0" encoding="UTF-8"?>
<!-- Generated by org.testng.reporters.JUnitXMLReporter -->
<testsuite hostname="DESKTOP-JC2HQ9T" ignored="0" name="Test" tests="6" failures="0" timestamp="19 Mar 2020 11:02:54 GMT" time="65.546" errors="0">
  <testcase name="AddVariants" time="0.015" classname="com.test.LoginTest"/>
  <testcase name="AddVariants" time="0.005" classname="com.test.LoginTest"/>
  <testcase name="AddVariants" time="0.003" classname="com.test.LoginTest"/>
  <testcase name="AddVariants" time="0.002" classname="com.test.LoginTest"/>
  <testcase name="checkErrorMessageForEmail" time="0.631" classname="com.test.LoginTest"/>
  <testcase name="checkErrorMessageForPassword" time="0.623" classname="com.test.LoginTest"/>
</testsuite> <!-- Test -->
