<?xml version="1.0" encoding="UTF-8"?>
<testng-results skipped="0" failed="0" ignored="0" total="6" passed="6">
  <reporter-output>
  </reporter-output>
  <suite name="Suite" duration-ms="65546" started-at="2020-03-19T11:01:48Z" finished-at="2020-03-19T11:02:54Z">
    <groups>
    </groups>
    <test name="Test" duration-ms="65546" started-at="2020-03-19T11:01:48Z" finished-at="2020-03-19T11:02:54Z">
      <class name="com.test.LoginTest">
        <test-method status="PASS" signature="setUpSuite()[pri:0, instance:com.test.LoginTest@4667ae56]" name="setUpSuite" is-config="true" duration-ms="355" started-at="2020-03-19T11:01:48Z" finished-at="2020-03-19T11:01:48Z">
          <reporter-output>
          </reporter-output>
        </test-method> <!-- setUpSuite -->
        <test-method status="PASS" signature="getClassName()[pri:0, instance:com.test.LoginTest@4667ae56]" name="getClassName" is-config="true" duration-ms="6" started-at="2020-03-19T11:01:48Z" finished-at="2020-03-19T11:01:48Z">
          <reporter-output>
          </reporter-output>
        </test-method> <!-- getClassName -->
        <test-method status="PASS" signature="intialization(java.lang.reflect.Method)[pri:0, instance:com.test.LoginTest@4667ae56]" name="intialization" is-config="true" duration-ms="10972" started-at="2020-03-19T11:01:49Z" finished-at="2020-03-19T11:02:00Z">
          <params>
            <param index="0">
              <value>
                <![CDATA[public void com.test.LoginTest.AddVariants(java.lang.String,java.lang.String) throws java.lang.Exception]]>
              </value>
            </param>
          </params>
          <reporter-output>
          </reporter-output>
        </test-method> <!-- intialization -->
        <test-method status="PASS" signature="AddVariants(java.lang.String, java.lang.String)[pri:0, instance:com.test.LoginTest@4667ae56]" name="AddVariants" duration-ms="15" started-at="2020-03-19T11:02:00Z" data-provider="ReadVariant" finished-at="2020-03-19T11:02:00Z">
          <params>
            <param index="0">
              <value>
                <![CDATA[daawxw]]>
              </value>
            </param>
            <param index="1">
              <value>
                <![CDATA[53165310]]>
              </value>
            </param>
          </params>
          <reporter-output>
          </reporter-output>
        </test-method> <!-- AddVariants -->
        <test-method status="PASS" signature="closeBrowser()[pri:0, instance:com.test.LoginTest@4667ae56]" name="closeBrowser" is-config="true" duration-ms="5638" started-at="2020-03-19T11:02:00Z" finished-at="2020-03-19T11:02:06Z">
          <reporter-output>
          </reporter-output>
        </test-method> <!-- closeBrowser -->
        <test-method status="PASS" signature="intialization(java.lang.reflect.Method)[pri:0, instance:com.test.LoginTest@4667ae56]" name="intialization" is-config="true" duration-ms="8458" started-at="2020-03-19T11:02:06Z" finished-at="2020-03-19T11:02:14Z">
          <params>
            <param index="0">
              <value>
                <![CDATA[public void com.test.LoginTest.AddVariants(java.lang.String,java.lang.String) throws java.lang.Exception]]>
              </value>
            </param>
          </params>
          <reporter-output>
          </reporter-output>
        </test-method> <!-- intialization -->
        <test-method status="PASS" signature="AddVariants(java.lang.String, java.lang.String)[pri:0, instance:com.test.LoginTest@4667ae56]" name="AddVariants" duration-ms="5" started-at="2020-03-19T11:02:14Z" data-provider="ReadVariant" finished-at="2020-03-19T11:02:14Z">
          <params>
            <param index="0">
              <value>
                <![CDATA[ececzdxsd]]>
              </value>
            </param>
            <param index="1">
              <value>
                <![CDATA[3542123]]>
              </value>
            </param>
          </params>
          <reporter-output>
          </reporter-output>
        </test-method> <!-- AddVariants -->
        <test-method status="PASS" signature="closeBrowser()[pri:0, instance:com.test.LoginTest@4667ae56]" name="closeBrowser" is-config="true" duration-ms="1005" started-at="2020-03-19T11:02:14Z" finished-at="2020-03-19T11:02:15Z">
          <reporter-output>
          </reporter-output>
        </test-method> <!-- closeBrowser -->
        <test-method status="PASS" signature="intialization(java.lang.reflect.Method)[pri:0, instance:com.test.LoginTest@4667ae56]" name="intialization" is-config="true" duration-ms="8349" started-at="2020-03-19T11:02:15Z" finished-at="2020-03-19T11:02:24Z">
          <params>
            <param index="0">
              <value>
                <![CDATA[public void com.test.LoginTest.AddVariants(java.lang.String,java.lang.String) throws java.lang.Exception]]>
              </value>
            </param>
          </params>
          <reporter-output>
          </reporter-output>
        </test-method> <!-- intialization -->
        <test-method status="PASS" signature="AddVariants(java.lang.String, java.lang.String)[pri:0, instance:com.test.LoginTest@4667ae56]" name="AddVariants" duration-ms="3" started-at="2020-03-19T11:02:24Z" data-provider="ReadVariant" finished-at="2020-03-19T11:02:24Z">
          <params>
            <param index="0">
              <value>
                <![CDATA[wsaccdw]]>
              </value>
            </param>
            <param index="1">
              <value>
                <![CDATA[3841654]]>
              </value>
            </param>
          </params>
          <reporter-output>
          </reporter-output>
        </test-method> <!-- AddVariants -->
        <test-method status="PASS" signature="closeBrowser()[pri:0, instance:com.test.LoginTest@4667ae56]" name="closeBrowser" is-config="true" duration-ms="1038" started-at="2020-03-19T11:02:24Z" finished-at="2020-03-19T11:02:25Z">
          <reporter-output>
          </reporter-output>
        </test-method> <!-- closeBrowser -->
        <test-method status="PASS" signature="intialization(java.lang.reflect.Method)[pri:0, instance:com.test.LoginTest@4667ae56]" name="intialization" is-config="true" duration-ms="8475" started-at="2020-03-19T11:02:25Z" finished-at="2020-03-19T11:02:33Z">
          <params>
            <param index="0">
              <value>
                <![CDATA[public void com.test.LoginTest.AddVariants(java.lang.String,java.lang.String) throws java.lang.Exception]]>
              </value>
            </param>
          </params>
          <reporter-output>
          </reporter-output>
        </test-method> <!-- intialization -->
        <test-method status="PASS" signature="AddVariants(java.lang.String, java.lang.String)[pri:0, instance:com.test.LoginTest@4667ae56]" name="AddVariants" duration-ms="2" started-at="2020-03-19T11:02:33Z" data-provider="ReadVariant" finished-at="2020-03-19T11:02:33Z">
          <params>
            <param index="0">
              <value>
                <![CDATA[kiran@gmail.com]]>
              </value>
            </param>
            <param index="1">
              <value>
                <![CDATA[123456]]>
              </value>
            </param>
          </params>
          <reporter-output>
          </reporter-output>
        </test-method> <!-- AddVariants -->
        <test-method status="PASS" signature="closeBrowser()[pri:0, instance:com.test.LoginTest@4667ae56]" name="closeBrowser" is-config="true" duration-ms="1009" started-at="2020-03-19T11:02:33Z" finished-at="2020-03-19T11:02:34Z">
          <reporter-output>
          </reporter-output>
        </test-method> <!-- closeBrowser -->
        <test-method status="PASS" signature="intialization(java.lang.reflect.Method)[pri:0, instance:com.test.LoginTest@4667ae56]" name="intialization" is-config="true" duration-ms="7970" started-at="2020-03-19T11:02:34Z" finished-at="2020-03-19T11:02:42Z">
          <params>
            <param index="0">
              <value>
                <![CDATA[public void com.test.LoginTest.checkErrorMessageForEmail() throws java.io.IOException]]>
              </value>
            </param>
          </params>
          <reporter-output>
          </reporter-output>
        </test-method> <!-- intialization -->
        <test-method status="PASS" signature="checkErrorMessageForEmail()[pri:1, instance:com.test.LoginTest@4667ae56]" name="checkErrorMessageForEmail" duration-ms="631" started-at="2020-03-19T11:02:42Z" finished-at="2020-03-19T11:02:43Z">
          <reporter-output>
          </reporter-output>
        </test-method> <!-- checkErrorMessageForEmail -->
        <test-method status="PASS" signature="closeBrowser()[pri:0, instance:com.test.LoginTest@4667ae56]" name="closeBrowser" is-config="true" duration-ms="933" started-at="2020-03-19T11:02:43Z" finished-at="2020-03-19T11:02:44Z">
          <reporter-output>
          </reporter-output>
        </test-method> <!-- closeBrowser -->
        <test-method status="PASS" signature="intialization(java.lang.reflect.Method)[pri:0, instance:com.test.LoginTest@4667ae56]" name="intialization" is-config="true" duration-ms="8464" started-at="2020-03-19T11:02:44Z" finished-at="2020-03-19T11:02:52Z">
          <params>
            <param index="0">
              <value>
                <![CDATA[public void com.test.LoginTest.checkErrorMessageForPassword() throws java.io.IOException]]>
              </value>
            </param>
          </params>
          <reporter-output>
          </reporter-output>
        </test-method> <!-- intialization -->
        <test-method status="PASS" signature="checkErrorMessageForPassword()[pri:2, instance:com.test.LoginTest@4667ae56]" name="checkErrorMessageForPassword" duration-ms="623" started-at="2020-03-19T11:02:52Z" finished-at="2020-03-19T11:02:53Z">
          <reporter-output>
          </reporter-output>
        </test-method> <!-- checkErrorMessageForPassword -->
        <test-method status="PASS" signature="closeBrowser()[pri:0, instance:com.test.LoginTest@4667ae56]" name="closeBrowser" is-config="true" duration-ms="994" started-at="2020-03-19T11:02:53Z" finished-at="2020-03-19T11:02:54Z">
          <reporter-output>
          </reporter-output>
        </test-method> <!-- closeBrowser -->
      </class> <!-- com.test.LoginTest -->
    </test> <!-- Test -->
  </suite> <!-- Suite -->
</testng-results>
